

 ===============================Reading From Simulator Output=====================================

 i      T(K) rho(g/ml)         Z      Zstd            Ures         UresStd nMolec
 1    481.50   0.52260    -0.033    -6.592
 2    533.46   0.52260     0.774    -5.845
 3    436.58   0.57490    -0.071    -8.238
 4    504.70   0.57490     1.241    -6.965
 5    382.41   0.62720     0.066   -10.611
 6    466.50   0.62720     2.302    -8.457
 7    321.28   0.67940     0.075   -14.251
 8    417.99   0.67940     3.954   -10.543
 9    256.25   0.73170     0.350   -20.095
10    358.76   0.73170     6.259   -13.698
11    511.83   0.02610     0.828    -0.463
12    511.83   0.03480     0.778    -0.612
13    511.83   0.05230     0.688    -0.912
14    511.83   0.10450     0.435    -1.677
15    598.00   0.02610     0.889    -0.322
16    598.00   0.03480     0.853    -0.426
17    598.00   0.05230     0.782    -0.629
18    598.00   0.10450     0.630    -1.187
19    598.00   0.20910     0.393    -2.164
20    598.00   0.31360     0.288    -3.041
21    598.00   0.41810     0.498    -3.996
22    598.00   0.52260     1.456    -5.104
23    598.00   0.57490     2.590    -5.709
24    598.00   0.62720     4.473    -6.322
25    598.00   0.67940     7.224    -6.909
26    598.00   0.73170    11.392    -7.430

 ===============================Splitting Data into IT and IC Arrays=====================================

 Isothermic Points
 i      T(K) rho(g/ml)               Z            Ures nMolec
 1    598.00   0.10450        0.629616       -1.186574
 2    598.00   0.20910        0.393076       -2.163809
 3    598.00   0.31360        0.288393       -3.040790
 4    598.00   0.41810        0.498290       -3.996076
 5    598.00   0.52260        1.456034       -5.104369
 6    598.00   0.57490        2.590334       -5.708799
 7    598.00   0.62720        4.473050       -6.321666
 8    598.00   0.67940        7.223696       -6.909176
 9    598.00   0.73170       11.391753       -7.430400

Isochoric Points on Isochore   5
 i      T(K) rho(g/ml)               Z            Ures nMolec
 1    481.50   0.52260       -0.033259       -6.591600
 2    533.46   0.52260        0.773847       -5.845049
 3    598.00   0.52260        1.456034       -5.104369

Isochoric Points on Isochore   6
 i      T(K) rho(g/ml)               Z            Ures nMolec
 1    436.58   0.57490       -0.070793       -8.237692
 2    504.70   0.57490        1.240714       -6.965358
 3    598.00   0.57490        2.590334       -5.708799

Isochoric Points on Isochore   7
 i      T(K) rho(g/ml)               Z            Ures nMolec
 1    382.41   0.62720        0.065641      -10.611067
 2    466.50   0.62720        2.302083       -8.456611
 3    598.00   0.62720        4.473050       -6.321666

Isochoric Points on Isochore   8
 i      T(K) rho(g/ml)               Z            Ures nMolec
 1    321.28   0.67940        0.074595      -14.250901
 2    417.99   0.67940        3.954475      -10.543087
 3    598.00   0.67940        7.223696       -6.909176

Isochoric Points on Isochore   9
 i      T(K) rho(g/ml)               Z            Ures nMolec
 1    256.25   0.73170        0.349798      -20.094938
 2    358.76   0.73170        6.259473      -13.697591
 3    598.00   0.73170       11.391753       -7.430400

 Supercritical Virial Calculation Points
 i      T(K) rho(g/ml)               Z            Ures nMolec
 1    598.00   0.02610       0.8890191      -0.3216890
 2    598.00   0.03480       0.8529530      -0.4256796
 3    598.00   0.05230       0.7821275      -0.6289095
 4    598.00   0.10450       0.6296164      -1.1865740

 Subcritical Virial Calculation  Points
 i      T(K) rho(g/ml)               Z            Ures nMolec
 1    511.83   0.02610       0.8277413      -0.4626886
 2    511.83   0.03480       0.7778228      -0.6122977
 3    511.83   0.05230       0.6877851      -0.9115026
 4    511.83   0.10450       0.4346498      -1.6771624

 calculateVirialSupercritical? T
 calculateVirialSubcritical? T
  -18.388575130822691        21.838572102196427     

 Virial A coef=  0.641211987    
 Virial B coef=  -1072.81250    
 Virial C coef=  -728190272.    
   B2_IT:    -4.5580     598.0000
  B2_IT2:    -6.8857     511.8300

 ===============================Psat Calculation=====================================


Iterations for Isochore 5:  0.5226 (g/ml)
  j  i        Tsat        Psat        rhoV       B2sat     aDepSat        uDep        zLiq        zVap        Hvap       drhoV      d2rhoV
  1  5   483.35934    0.001725285   0.0161638  -8.0264216  -2.4770434  -6.5609501   0.0010000   0.8702627  28.6857852   0.2594746   0.0673271   0.0253457
  2  5   484.78320    0.002222208   0.0218760  -7.9632530  -2.4577777  -6.5386277   0.0269168   0.8257963  27.9894108   0.3484075   0.1213878   0.0446114
  3  5   485.20633    0.002411313   0.0242617  -7.9446162  -2.4520760  -6.5320193   0.0345677   0.8072499  27.7114480   0.3855002   0.1486104   0.0503131
  4  5   485.36755    0.002491573   0.0253187  -7.9375317  -2.4499064  -6.5295045   0.0374766   0.7990321  27.5902352   0.4019359   0.1615525   0.0524827
  5  5   485.43602    0.002527310   0.0257987  -7.9345253  -2.4489854  -6.5284368   0.0387112   0.7952992  27.5355305   0.4094016   0.1676096   0.0534038
  6  5   485.46652    0.002543571   0.0260192  -7.9331867  -2.4485752  -6.5279614   0.0392609   0.7935849  27.5104776   0.4128302   0.1704288   0.0538139
  7  5   485.48041    0.002551044   0.0261209  -7.9325776  -2.4483886  -6.5277450   0.0395110   0.7927936  27.4989290   0.4144128   0.1717380   0.0540006
  8  5   485.48679    0.002554495   0.0261680  -7.9322976  -2.4483028  -6.5276456   0.0396259   0.7924276  27.4935895   0.4151449   0.1723453   0.0540864
  9  5   485.48973    0.002556091   0.0261898  -7.9321684  -2.4482632  -6.5275996   0.0396790   0.7922580  27.4911175   0.4154839   0.1726269   0.0541260
 10  5   485.49109    0.002556831   0.0261999  -7.9321086  -2.4482448  -6.5275784   0.0397036   0.7921795  27.4899722   0.4156410   0.1727575   0.0541443
 11  5   485.49173    0.002557173   0.0262046  -7.9320809  -2.4482363  -6.5275686   0.0397149   0.7921431  27.4894415   0.4157138   0.1728180   0.0541528
 12  5   485.49202    0.002557332   0.0262068  -7.9320681  -2.4482324  -6.5275640   0.0397202   0.7921262  27.4891955   0.4157476   0.1728460   0.0541567
 13  5   485.49215    0.002557406   0.0262078  -7.9320621  -2.4482306  -6.5275619   0.0397227   0.7921184  27.4890815   0.4157632   0.1728590   0.0541585
 14  5   485.49222    0.002557440   0.0262082  -7.9320594  -2.4482297  -6.5275609   0.0397238   0.7921148  27.4890286   0.4157705   0.1728651   0.0541594
 15  5   485.49225    0.002557456   0.0262084  -7.9320581  -2.4482294  -6.5275605   0.0397243   0.7921131  27.4890041   0.4157738   0.1728679   0.0541598
Isochore 5:  0.5226 (g/ml):
Convergence Status=  1 (Converged to first root)

Iterations for Isochore 6:  0.5749 (g/ml)
  j  i        Tsat        Psat        rhoV       B2sat     aDepSat        uDep        zLiq        zVap        Hvap       drhoV      d2rhoV
  1  6   439.87556    0.000830921   0.0081285 -10.3533846  -3.2598165  -8.1638946   0.0010000   0.9158422  32.5523444   0.1683155   0.0283301   0.0616714
  2  6   440.42833    0.000987034   0.0098288 -10.3181496  -3.2495710  -8.1522368   0.0129491   0.8985850  32.3091928   0.2028301   0.0411400   0.0719169
  3  6   440.54014    0.001022413   0.0102241 -10.3110436  -3.2475021  -8.1498825   0.0153627   0.8945789  32.2540344   0.2108422   0.0444544   0.0739858
  4  6   440.56547    0.001030757   0.0103179 -10.3094347  -3.2470335  -8.1493493   0.0159093   0.8936282  32.2410406   0.2127436   0.0452599   0.0744543
  5  6   440.57144    0.001032744   0.0103403 -10.3090553  -3.2469230  -8.1492235   0.0160382   0.8934015  32.2379472   0.2131971   0.0454530   0.0745648
  6  6   440.57286    0.001033218   0.0103456 -10.3089650  -3.2468967  -8.1491936   0.0160689   0.8933473  32.2372090   0.2133053   0.0454992   0.0745912
  7  6   440.57320    0.001033332   0.0103469 -10.3089434  -3.2468904  -8.1491864   0.0160762   0.8933344  32.2370327   0.2133312   0.0455102   0.0745974
  8  6   440.57328    0.001033359   0.0103472 -10.3089383  -3.2468889  -8.1491847   0.0160780   0.8933313  32.2369906   0.2133374   0.0455128   0.0745989
  9  6   440.57330    0.001033365   0.0103473 -10.3089370  -3.2468886  -8.1491843   0.0160784   0.8933306  32.2369806   0.2133388   0.0455135   0.0745993
Isochore 6:  0.5749 (g/ml):
Convergence Status=  1 (Converged to first root)

Iterations for Isochore 7:  0.6272 (g/ml)
  j  i        Tsat        Psat        rhoV       B2sat     aDepSat        uDep        zLiq        zVap        Hvap       drhoV      d2rhoV
  1  7   380.45689    0.000195131   0.0020884 -15.4015432  -4.7058476 -10.6670642   0.0010000   0.9678348  36.6045172   0.0643304   0.0041384  -0.0544768
  2  7   380.52368    0.000208492   0.0022363 -15.3940869  -4.7039754 -10.6649671   0.0032227   0.9655746  36.5762635   0.0688509   0.0047404  -0.0526045
  3  7   380.53029    0.000209495   0.0022474 -15.3933488  -4.7037900 -10.6647595   0.0034427   0.9654053  36.5739715   0.0691895   0.0047872  -0.0524192
  4  7   380.53079    0.000209570   0.0022482 -15.3932935  -4.7037761 -10.6647439   0.0034592   0.9653925  36.5737992   0.0692150   0.0047907  -0.0524053
  5  7   380.53083    0.000209576   0.0022483 -15.3932893  -4.7037751 -10.6647427   0.0034605   0.9653916  36.5737862   0.0692169   0.0047910  -0.0524042
  6  7   380.53083    0.000209576   0.0022483 -15.3932890  -4.7037750 -10.6647427   0.0034606   0.9653915  36.5737852   0.0692170   0.0047910  -0.0524041
Isochore 7:  0.6272 (g/ml):
Convergence Status=  1 (Converged to first root)

Iterations for Isochore 8:  0.6794 (g/ml)
  j  i        Tsat        Psat        rhoV       B2sat     aDepSat        uDep        zLiq        zVap        Hvap       drhoV      d2rhoV
  1  8   319.97980    0.000019611   0.0002430 -24.9383521  -6.9368760 -14.2941218   0.0010000   0.9939398  40.6422622   0.0121204   0.0001469  -0.0578773
  2  8   319.96847    0.000019825   0.0002457 -24.9408309  -6.9373819 -14.2946843   0.0003555   0.9938723  40.6435402   0.0122553   0.0001502  -0.0583832
  3  8   319.96854    0.000019828   0.0002457 -24.9408159  -6.9373788 -14.2946809   0.0003594   0.9938715  40.6435232   0.0122570   0.0001502  -0.0583802
  4  8   319.96854    0.000019828   0.0002457 -24.9408157  -6.9373788 -14.2946808   0.0003595   0.9938715  40.6435230   0.0122570   0.0001502  -0.0583801
Isochore 8:  0.6794 (g/ml):
Convergence Status=  1 (Converged to first root)

Iterations for Isochore 9:  0.7317 (g/ml)
  j  i        Tsat        Psat        rhoV       B2sat     aDepSat        uDep        zLiq        zVap        Hvap       drhoV      d2rhoV
  1  9   252.27171    0.000000249   0.0000039 -48.9678615 -11.1471378 -20.4016723   0.0010000   0.9998098  44.8869495   0.0003804   0.0000001  -0.3168154
  2  9   252.26058    0.000000248   0.0000039 -48.9740531 -11.1480380 -20.4026625   0.0000053   0.9998100  44.8891337   0.0003799   0.0000001  -0.3177156
  3  9   252.26058    0.000000248   0.0000039 -48.9740532 -11.1480380 -20.4026625   0.0000053   0.9998100  44.8891338   0.0003799   0.0000001  -0.3177156
Isochore 9:  0.7317 (g/ml):
Convergence Status=  1 (Converged to first root)

 ===============================IC Info=====================================

         (K)       (g/ml)                                       
           T          rho            Z         aDep         uDep
      481.50     0.522600    -0.033259    -2.502389    -6.591600
      533.46     0.522600     0.773847     0.000000    -5.845049
      598.00     0.522600     1.456034     0.000000    -5.104369
      436.58     0.574900    -0.070793    -3.321488    -8.237692
      504.70     0.574900     1.240714     0.000000    -6.965358
      598.00     0.574900     2.590334     0.000000    -5.708799
      382.41     0.627200     0.065641    -4.651371   -10.611067
      466.50     0.627200     2.302083     0.000000    -8.456611
      598.00     0.627200     4.473050     0.000000    -6.321666
      321.28     0.679400     0.074595    -6.878999   -14.250901
      417.99     0.679400     3.954475     0.000000   -10.543087
      598.00     0.679400     7.223696     0.000000    -6.909176
      256.25     0.731700     0.349798   -10.830322   -20.094938
      358.76     0.731700     6.259473     0.000000   -13.697591
      598.00     0.731700    11.391753     0.000000    -7.430400

 ===============================IT Info=====================================

         (K)       (g/ml)                                       
           T          rho            Z         aDep         uDep          rho
      511.83     0.026100     0.827741     0.000000     0.000000     0.000000
      511.83     0.034800     0.777823     0.000000     0.000000     0.000000
      511.83     0.052300     0.687785     0.000000     0.000000     0.000000
      511.83     0.104500     0.434650     0.000000     0.000000     0.000000

      598.00     0.026100     0.889019     0.000000     0.000000     0.000000
      598.00     0.034800     0.852953     0.000000     0.000000     0.000000
      598.00     0.052300     0.782127     0.000000     0.000000     0.000000
      598.00     0.104500     0.629616    -0.418562    -1.186574     0.104500
      598.00     0.209100     0.393076    -0.754081    -2.163809     0.209100
      598.00     0.313600     0.288393    -1.025778    -3.040790     0.313600
      598.00     0.418100     0.498290    -1.213154    -3.996076     0.418100
      598.00     0.522600     1.456034    -1.241468    -5.104369     0.522600
      598.00     0.574900     2.590334    -1.150059    -5.708799     0.574900
      598.00     0.627200     4.473050    -0.940352    -6.321666     0.627200
      598.00     0.679400     7.223696    -0.556562    -6.909176     0.679400
      598.00     0.731700    11.391753     0.041633    -7.430400     0.731700

 ===============================Saturation Info=====================================

                   (K)      %             (MPa)    (g/ml)      (g/ml)  (KJ/mol)    (ml/g)
 Conv     Tr      Tsat    Dev              Psat      rhoL        rhoV      Hvap     B2sat   aDepSat   uDepSat
    1  0.854    485.49   0.83    0.002557455623    0.5226  0.02620845   27.4890   -7.9321   -2.4482   -6.5276
    1  0.775    440.57   0.91    0.001033365041    0.5749  0.01034728   32.2370  -10.3089   -3.2469   -8.1492
    1  0.669    380.53  -0.49    0.000209576276    0.6272  0.00224829   36.5738  -15.3933   -4.7038  -10.6647
    1  0.563    319.97  -0.41    0.000019828044    0.6794  0.00024572   40.6435  -24.9408   -6.9374  -14.2947
    1  0.444    252.26  -1.57    0.000000248221    0.7317  0.00000388   44.8891  -48.9741  -11.1480  -20.4027
