

 ===============================Reading From Simulator Output=====================================

 i      T(K) rho(g/ml)         Z      Zstd            Ures         UresStd nMolec
 1    361.43   0.48730     0.047    -5.256
 2    423.10   0.48730     0.887    -4.377
 3    328.02   0.53600     0.058    -6.505
 4    399.30   0.53600     1.381    -5.202
 5    287.75   0.58470     0.135    -8.337
 6    367.96   0.58470     2.019    -6.305
 7    241.55   0.63350     0.200   -11.109
 8    327.86   0.63350     3.365    -7.845
 9    191.34   0.68220     0.364   -15.634
10    278.30   0.68220     5.154   -10.219
11    382.61   0.02440     0.850    -0.339
12    382.61   0.03250     0.808    -0.451
13    382.61   0.04870     0.719    -0.674
14    382.61   0.09750     0.491    -1.311
15    510.16   0.02440     0.924    -0.198
16    510.16   0.03250     0.898    -0.262
17    510.16   0.04870     0.859    -0.391
18    510.16   0.09750     0.745    -0.761
19    510.16   0.19490     0.602    -1.427
20    510.16   0.29240     0.572    -2.081
21    510.16   0.38980     0.813    -2.762
22    510.16   0.48730     1.702    -3.527
23    510.16   0.53600     2.547    -3.919
24    510.16   0.58470     3.953    -4.294
25    510.16   0.63350     5.923    -4.649
26    510.16   0.68220     8.794    -4.938

 ===============================Splitting Data into IT and IC Arrays=====================================

 Isothermic Points
 i      T(K) rho(g/ml)               Z            Ures nMolec
 1    510.16   0.09750        0.745204       -0.760860
 2    510.16   0.19490        0.602076       -1.427271
 3    510.16   0.29240        0.571638       -2.080524
 4    510.16   0.38980        0.813421       -2.761889
 5    510.16   0.48730        1.702267       -3.527048
 6    510.16   0.53600        2.547244       -3.919088
 7    510.16   0.58470        3.953457       -4.294280
 8    510.16   0.63350        5.923212       -4.649052
 9    510.16   0.68220        8.794168       -4.938144

Isochoric Points on Isochore   5
 i      T(K) rho(g/ml)               Z            Ures nMolec
 1    361.43   0.48730        0.047005       -5.256328
 2    423.10   0.48730        0.886863       -4.377416
 3    510.16   0.48730        1.702267       -3.527048

Isochoric Points on Isochore   6
 i      T(K) rho(g/ml)               Z            Ures nMolec
 1    328.02   0.53600        0.057979       -6.504547
 2    399.30   0.53600        1.381414       -5.201867
 3    510.16   0.53600        2.547244       -3.919088

Isochoric Points on Isochore   7
 i      T(K) rho(g/ml)               Z            Ures nMolec
 1    287.75   0.58470        0.134798       -8.337082
 2    367.96   0.58470        2.019024       -6.305363
 3    510.16   0.58470        3.953457       -4.294280

Isochoric Points on Isochore   8
 i      T(K) rho(g/ml)               Z            Ures nMolec
 1    241.55   0.63350        0.200436      -11.109154
 2    327.86   0.63350        3.365144       -7.845431
 3    510.16   0.63350        5.923212       -4.649052

Isochoric Points on Isochore   9
 i      T(K) rho(g/ml)               Z            Ures nMolec
 1    191.34   0.68220        0.364144      -15.633968
 2    278.30   0.68220        5.154457      -10.219408
 3    510.16   0.68220        8.794168       -4.938144

 Supercritical Virial Calculation Points
 i      T(K) rho(g/ml)               Z            Ures nMolec
 1    510.16   0.02440       0.9244133      -0.1981898
 2    510.16   0.03250       0.8982241      -0.2623037
 3    510.16   0.04870       0.8585145      -0.3909673
 4    510.16   0.09750       0.7452040      -0.7608595

 Subcritical Virial Calculation  Points
 i      T(K) rho(g/ml)               Z            Ures nMolec
 1    382.61   0.02440       0.8497320      -0.3388469
 2    382.61   0.03250       0.8079539      -0.4512334
 3    382.61   0.04870       0.7189297      -0.6743705
 4    382.61   0.09750       0.4906809      -1.3113191

 calculateVirialSupercritical? T
 calculateVirialSubcritical? T
  -14.087661693232990        6.3146337590953401     

 Virial A coef=   2.49132848    
 Virial B coef=  -2390.85352    
 Virial C coef=  -146352688.    
   B2_IT:    -3.2977     510.1400
  B2_IT2:    -6.3704     382.6100

 ===============================Psat Calculation=====================================


Iterations for Isochore 5:  0.4873 (g/ml)
  j  i        Tsat        Psat        rhoV       B2sat     aDepSat        uDep        zLiq        zVap        Hvap       drhoV      d2rhoV
  1  5   358.60990    0.812755979   0.0183061  -7.3491415  -2.2826453  -5.2959599   0.0010000   0.8654658  17.6237427   0.2690683   0.0723978  -0.0413290
  2  5   360.53611    1.066849258   0.0253542  -7.2629295  -2.2543605  -5.2641154   0.0325124   0.8158543  17.1005882   0.3682913   0.1356385  -0.0130442
  3  5   361.14820    1.171262551   0.0285829  -7.2358386  -2.2454395  -5.2540672   0.0424488   0.7931791  16.8736315   0.4136418   0.1710995  -0.0041232
  4  5   361.39992    1.219581150   0.0301635  -7.2247400  -2.2417801  -5.2499449   0.0465244   0.7820768  16.7647382   0.4358464   0.1899621  -0.0004639
  5  5   361.51651    1.243269679   0.0309613  -7.2196077  -2.2400871  -5.2480375   0.0484099   0.7764712  16.7102508   0.4470576   0.1998605   0.0012291
  6  5   361.57370    1.255225729   0.0313702  -7.2170923  -2.2392571  -5.2471024   0.0493343   0.7735982  16.6824460   0.4528035   0.2050310   0.0020592
  7  5   361.60257    1.261350743   0.0315813  -7.2158228  -2.2388381  -5.2466304   0.0498008   0.7721146  16.6681188   0.4557707   0.2077270   0.0024781
  8  5   361.61736    1.264512788   0.0316908  -7.2151725  -2.2386235  -5.2463886   0.0500398   0.7713455  16.6606998   0.4573090   0.2091315   0.0026927
  9  5   361.62500    1.266151722   0.0317476  -7.2148368  -2.2385127  -5.2462638   0.0501632   0.7709460  16.6568482   0.4581080   0.2098629   0.0028035
 10  5   361.62895    1.267002968   0.0317772  -7.2146628  -2.2384553  -5.2461991   0.0502272   0.7707383  16.6548461   0.4585234   0.2102437   0.0028610
 11  5   361.63101    1.267445573   0.0317926  -7.2145724  -2.2384255  -5.2461655   0.0502604   0.7706302  16.6538047   0.4587396   0.2104420   0.0028908
 12  5   361.63208    1.267675835   0.0318006  -7.2145254  -2.2384099  -5.2461480   0.0502777   0.7705740  16.6532628   0.4588521   0.2105452   0.0029063
 13  5   361.63264    1.267795662   0.0318047  -7.2145010  -2.2384019  -5.2461389   0.0502867   0.7705447  16.6529807   0.4589106   0.2105990   0.0029144
 14  5   361.63293    1.267858028   0.0318069  -7.2144882  -2.2383977  -5.2461342   0.0502913   0.7705295  16.6528339   0.4589411   0.2106269   0.0029186
 15  5   361.63308    1.267890491   0.0318080  -7.2144816  -2.2383955  -5.2461317   0.0502938   0.7705215  16.6527575   0.4589570   0.2106415   0.0029207
 16  5   361.63315    1.267907389   0.0318086  -7.2144782  -2.2383944  -5.2461304   0.0502950   0.7705174  16.6527177   0.4589652   0.2106491   0.0029219
 17  5   361.63320    1.267916185   0.0318089  -7.2144764  -2.2383938  -5.2461297   0.0502957   0.7705152  16.6526970   0.4589695   0.2106530   0.0029225
Isochore 5:  0.4873 (g/ml):
Convergence Status=  1 (Converged to first root)

Iterations for Isochore 6:  0.5360 (g/ml)
  j  i        Tsat        Psat        rhoV       B2sat     aDepSat        uDep        zLiq        zVap        Hvap       drhoV      d2rhoV
  1  6   325.66308    0.436081701   0.0103305  -9.0875229  -2.9500344  -6.5517798   0.0010000   0.9061214  19.7432932   0.1877571   0.0352527  -0.0470758
  2  6   326.33952    0.529550672   0.0128333  -9.0460104  -2.9364554  -6.5366843   0.0174640   0.8839100  19.5316359   0.2321800   0.0539076  -0.0334968
  3  6   326.49202    0.554145373   0.0135155  -9.0366906  -2.9334024  -6.5332898   0.0211632   0.8778648  19.4760137   0.2442705   0.0596681  -0.0304438
  4  6   326.53214    0.560964788   0.0137066  -9.0342407  -2.9325996  -6.5323971   0.0221358   0.8761716  19.4606001   0.2476567   0.0613339  -0.0296410
  5  6   326.54327    0.562883620   0.0137605  -9.0335615  -2.9323770  -6.5321496   0.0224054   0.8756939  19.4562631   0.2486123   0.0618081  -0.0294184
  6  6   326.54640    0.563425776   0.0137757  -9.0333704  -2.9323143  -6.5320800   0.0224813   0.8755588  19.4550377   0.2488825   0.0619425  -0.0293558
  7  6   326.54728    0.563579139   0.0137800  -9.0333164  -2.9322967  -6.5320603   0.0225027   0.8755205  19.4546911   0.2489589   0.0619806  -0.0293381
  8  6   326.54753    0.563622536   0.0137813  -9.0333012  -2.9322916  -6.5320548   0.0225088   0.8755097  19.4545930   0.2489806   0.0619913  -0.0293331
  9  6   326.54761    0.563634817   0.0137816  -9.0332968  -2.9322902  -6.5320532   0.0225105   0.8755067  19.4545653   0.2489867   0.0619944  -0.0293317
 10  6   326.54763    0.563638293   0.0137817  -9.0332956  -2.9322898  -6.5320527   0.0225110   0.8755058  19.4545574   0.2489884   0.0619952  -0.0293313
Isochore 6:  0.5360 (g/ml):
Convergence Status=  1 (Converged to first root)

Iterations for Isochore 7:  0.5847 (g/ml)
  j  i        Tsat        Psat        rhoV       B2sat     aDepSat        uDep        zLiq        zVap        Hvap       drhoV      d2rhoV
  1  7   283.30084    0.140502890   0.0036301 -12.3845552  -4.0828291  -8.4768457   0.0010000   0.9550424  22.0396561   0.0899152   0.0080847  -0.1310000
  2  7   283.46245    0.154545355   0.0040102 -12.3687402  -4.0779962  -8.4714818   0.0059294   0.9503993  21.9989218   0.0992014   0.0098409  -0.1261670
  3  7   283.48177    0.156110193   0.0040527 -12.3668518  -4.0774188  -8.4708410   0.0065183   0.9498808  21.9942778   0.1002384   0.0100477  -0.1255897
  4  7   283.48392    0.156286141   0.0040575 -12.3666416  -4.0773546  -8.4707697   0.0065839   0.9498225  21.9937570   0.1003551   0.0100711  -0.1255254
  5  7   283.48416    0.156305947   0.0040580 -12.3666180  -4.0773473  -8.4707617   0.0065912   0.9498159  21.9936983   0.1003682   0.0100738  -0.1255182
  6  7   283.48419    0.156308177   0.0040581 -12.3666153  -4.0773465  -8.4707608   0.0065921   0.9498152  21.9936917   0.1003697   0.0100741  -0.1255174
  7  7   283.48419    0.156308428   0.0040581 -12.3666150  -4.0773464  -8.4707607   0.0065922   0.9498151  21.9936910   0.1003699   0.0100741  -0.1255173
Isochore 7:  0.5847 (g/ml):
Convergence Status=  1 (Converged to first root)

Iterations for Isochore 8:  0.6335 (g/ml)
  j  i        Tsat        Psat        rhoV       B2sat     aDepSat        uDep        zLiq        zVap        Hvap       drhoV      d2rhoV
  1  8   237.96556    0.021794118   0.0006480 -18.4164432  -5.8861894 -11.2728730   0.0010000   0.9880669  24.2206372   0.0238662   0.0005696  -0.1673089
  2  8   237.96574    0.022314452   0.0006636 -18.4164097  -5.8861806 -11.2728633   0.0010106   0.9877785  24.2191671   0.0244430   0.0005975  -0.1673000
  3  8   237.96617    0.022328184   0.0006640 -18.4163335  -5.8861604 -11.2728411   0.0010347   0.9877709  24.2190808   0.0244581   0.0005982  -0.1672799
  4  8   237.96618    0.022328546   0.0006640 -18.4163315  -5.8861599 -11.2728405   0.0010354   0.9877707  24.2190786   0.0244585   0.0005982  -0.1672794
  5  8   237.96618    0.022328555   0.0006640 -18.4163315  -5.8861599 -11.2728405   0.0010354   0.9877707  24.2190785   0.0244585   0.0005982  -0.1672794
Isochore 8:  0.6335 (g/ml):
Convergence Status=  1 (Converged to first root)

Iterations for Isochore 9:  0.6822 (g/ml)
  j  i        Tsat        Psat        rhoV       B2sat     aDepSat        uDep        zLiq        zVap        Hvap       drhoV      d2rhoV
  1  9   187.40504    0.000681879   0.0000255 -32.5023639  -9.1971186 -15.9468856   0.0010000   0.9991726  26.4014786   0.0016548   0.0000027  -0.3281100
  2  9   187.39490    0.000681726   0.0000255 -32.5066656  -9.1979818 -15.9478278   0.0000373   0.9991726  26.4030177   0.0016547   0.0000027  -0.3289732
  3  9   187.39490    0.000681726   0.0000255 -32.5066656  -9.1979818 -15.9478278   0.0000373   0.9991726  26.4030177   0.0016547   0.0000027  -0.3289732
Isochore 9:  0.6822 (g/ml):
Convergence Status=  1 (Converged to first root)

 ===============================IC Info=====================================

         (K)       (g/ml)                                       
           T          rho            Z         aDep         uDep
      361.43     0.487300     0.047005    -2.241316    -5.256328
      423.10     0.487300     0.886863     0.000000    -4.377416
      510.16     0.487300     1.702267     0.000000    -3.527048
      328.02     0.536000     0.057979    -2.902959    -6.504547
      399.30     0.536000     1.381414     0.000000    -5.201867
      510.16     0.536000     2.547244     0.000000    -3.919088
      287.75     0.584700     0.134798    -3.951829    -8.337082
      367.96     0.584700     2.019024     0.000000    -6.305363
      510.16     0.584700     3.953457     0.000000    -4.294280
      241.55     0.633500     0.200436    -5.718881   -11.109154
      327.86     0.633500     3.365144     0.000000    -7.845431
      510.16     0.633500     5.923212     0.000000    -4.649052
      191.34     0.682200     0.364144    -8.869009   -15.633968
      278.30     0.682200     5.154457     0.000000   -10.219408
      510.16     0.682200     8.794168     0.000000    -4.938144

 ===============================IT Info=====================================

         (K)       (g/ml)                                       
           T          rho            Z         aDep         uDep          rho
      382.61     0.024400     0.849732     0.000000     0.000000     0.000000
      382.61     0.032500     0.807954     0.000000     0.000000     0.000000
      382.61     0.048700     0.718930     0.000000     0.000000     0.000000
      382.61     0.097500     0.490681     0.000000     0.000000     0.000000

      510.16     0.024400     0.924413     0.000000     0.000000     0.000000
      510.16     0.032500     0.898224     0.000000     0.000000     0.000000
      510.16     0.048700     0.858514     0.000000     0.000000     0.000000
      510.16     0.097500     0.745204    -0.286736    -0.760860     0.097500
      510.16     0.194900     0.602076    -0.512995    -1.427271     0.194900
      510.16     0.292400     0.571638    -0.684495    -2.080524     0.292400
      510.16     0.389800     0.813421    -0.785215    -2.761889     0.389800
      510.16     0.487300     1.702267    -0.748065    -3.527048     0.487300
      510.16     0.536000     2.547244    -0.646035    -3.919088     0.536000
      510.16     0.584700     3.953457    -0.449430    -4.294280     0.584700
      510.16     0.633500     5.923212    -0.144511    -4.649052     0.633500
      510.16     0.682200     8.794168     0.323453    -4.938144     0.682200

 ===============================Saturation Info=====================================

                   (K)      %             (MPa)    (g/ml)      (g/ml)  (KJ/mol)    (ml/g)
 Conv     Tr      Tsat    Dev              Psat      rhoL        rhoV      Hvap     B2sat   aDepSat   uDepSat
    1  0.851    361.63   0.06    1.267916184788    0.4873  0.03180893   16.6527   -7.2145   -2.2384   -5.2461
    1  0.768    326.55  -0.45    0.563638292749    0.5360  0.01378170   19.4546   -9.0333   -2.9323   -6.5321
    1  0.667    283.48  -1.49    0.156308427911    0.5847  0.00405810   21.9937  -12.3666   -4.0773   -8.4708
    1  0.560    237.97  -1.49    0.022328555445    0.6335  0.00066404   24.2191  -18.4163   -5.8862  -11.2728
    1  0.441    187.39  -2.08    0.000681725594    0.6822  0.00002545   26.4030  -32.5067   -9.1980  -15.9478
